[01m[K/home/om/ROS2_Workshop/Day1/src/day1_cpp/src/task2.cpp:3:10:[m[K [01;31m[Kfatal error: [m[Kturtlesim/msg/pose.hpp: No such file or directory
    3 | #include [01;31m[K<turtlesim/msg/pose.hpp>[m[K
      |          [01;31m[K^~~~~~~~~~~~~~~~~~~~~~~~[m[K
compilation terminated.
gmake[2]: *** [CMakeFiles/task2.dir/build.make:76: CMakeFiles/task2.dir/src/task2.cpp.o] Error 1
gmake[1]: *** [CMakeFiles/Makefile2:221: CMakeFiles/task2.dir/all] Error 2
gmake: *** [Makefile:146: all] Error 2
