[0.034s] Invoking command in '/home/om/ROS2_Workshop/Day1/build/day1_cpp': CMAKE_PREFIX_PATH=${CMAKE_PREFIX_PATH}:/home/om/turtlebot3_ws/install/vfh_control:/home/om/turtlebot3_ws/install/turtlebot3_teleop:/home/om/turtlebot3_ws/install/turtlebot3_example:/home/om/pico_ws2/install/crsf_ros2:/home/om/slambot/install/gesture_control:/home/om/slambot/install/ges_control:/opt/ros/humble /usr/bin/cmake --build /home/om/ROS2_Workshop/Day1/build/day1_cpp -- -j8 -l8
[0.074s] -- Found ament_cmake: 1.3.11 (/opt/ros/humble/share/ament_cmake/cmake)
[0.261s] -- Found rclcpp: 16.0.11 (/opt/ros/humble/share/rclcpp/cmake)
[0.296s] -- Found rosidl_generator_c: 3.1.6 (/opt/ros/humble/share/rosidl_generator_c/cmake)
[0.299s] -- Found rosidl_adapter: 3.1.6 (/opt/ros/humble/share/rosidl_adapter/cmake)
[0.306s] -- Found rosidl_generator_cpp: 3.1.6 (/opt/ros/humble/share/rosidl_generator_cpp/cmake)
[0.319s] -- Using all available rosidl_typesupport_c: rosidl_typesupport_fastrtps_c;rosidl_typesupport_introspection_c
[0.336s] -- Using all available rosidl_typesupport_cpp: rosidl_typesupport_fastrtps_cpp;rosidl_typesupport_introspection_cpp
[0.376s] -- Found rmw_implementation_cmake: 6.1.2 (/opt/ros/humble/share/rmw_implementation_cmake/cmake)
[0.379s] -- Found rmw_fastrtps_cpp: 6.2.7 (/opt/ros/humble/share/rmw_fastrtps_cpp/cmake)
[0.536s] -- Using RMW implementation 'rmw_fastrtps_cpp' as default
[0.596s] -- Found geometry_msgs: 4.2.4 (/opt/ros/humble/share/geometry_msgs/cmake)
[0.716s] -- Configuring done
[0.737s] -- Generating done
[0.746s] -- Build files have been written to: /home/om/ROS2_Workshop/Day1/build/day1_cpp
[0.786s] [35m[1mConsolidate compiler generated dependencies of target simple_subscriber[0m
[0.787s] [35m[1mConsolidate compiler generated dependencies of target task1[0m
[0.787s] [35m[1mConsolidate compiler generated dependencies of target simple_publisher[0m
[0.803s] [ 12%] [32mBuilding CXX object CMakeFiles/task2.dir/src/task2.cpp.o[0m
[0.812s] [ 87%] Built target simple_subscriber
[0.812s] [ 87%] Built target task1
[0.812s] [ 87%] Built target simple_publisher
[1.042s] [01m[K/home/om/ROS2_Workshop/Day1/src/day1_cpp/src/task2.cpp:3:10:[m[K [01;31m[Kfatal error: [m[Kturtlesim/msg/pose.hpp: No such file or directory
[1.042s]     3 | #include [01;31m[K<turtlesim/msg/pose.hpp>[m[K
[1.042s]       |          [01;31m[K^~~~~~~~~~~~~~~~~~~~~~~~[m[K
[1.042s] compilation terminated.
[1.047s] gmake[2]: *** [CMakeFiles/task2.dir/build.make:76: CMakeFiles/task2.dir/src/task2.cpp.o] Error 1
[1.047s] gmake[1]: *** [CMakeFiles/Makefile2:221: CMakeFiles/task2.dir/all] Error 2
[1.047s] gmake: *** [Makefile:146: all] Error 2
[1.051s] Invoked command in '/home/om/ROS2_Workshop/Day1/build/day1_cpp' returned '2': CMAKE_PREFIX_PATH=${CMAKE_PREFIX_PATH}:/home/om/turtlebot3_ws/install/vfh_control:/home/om/turtlebot3_ws/install/turtlebot3_teleop:/home/om/turtlebot3_ws/install/turtlebot3_example:/home/om/pico_ws2/install/crsf_ros2:/home/om/slambot/install/gesture_control:/home/om/slambot/install/ges_control:/opt/ros/humble /usr/bin/cmake --build /home/om/ROS2_Workshop/Day1/build/day1_cpp -- -j8 -l8
