[0.034s] Invoking command in '/home/om/ROS2_Workshop/Day1/build/day1_cpp': CMAKE_PREFIX_PATH=${CMAKE_PREFIX_PATH}:/home/om/turtlebot3_ws/install/vfh_control:/home/om/turtlebot3_ws/install/turtlebot3_teleop:/home/om/turtlebot3_ws/install/turtlebot3_example:/home/om/pico_ws2/install/crsf_ros2:/home/om/slambot/install/gesture_control:/home/om/slambot/install/ges_control:/opt/ros/humble /usr/bin/cmake --build /home/om/ROS2_Workshop/Day1/build/day1_cpp -- -j8 -l8
[0.075s] -- Found ament_cmake: 1.3.11 (/opt/ros/humble/share/ament_cmake/cmake)
[0.247s] -- Found rclcpp: 16.0.11 (/opt/ros/humble/share/rclcpp/cmake)
[0.282s] -- Found rosidl_generator_c: 3.1.6 (/opt/ros/humble/share/rosidl_generator_c/cmake)
[0.285s] -- Found rosidl_adapter: 3.1.6 (/opt/ros/humble/share/rosidl_adapter/cmake)
[0.293s] -- Found rosidl_generator_cpp: 3.1.6 (/opt/ros/humble/share/rosidl_generator_cpp/cmake)
[0.306s] -- Using all available rosidl_typesupport_c: rosidl_typesupport_fastrtps_c;rosidl_typesupport_introspection_c
[0.323s] -- Using all available rosidl_typesupport_cpp: rosidl_typesupport_fastrtps_cpp;rosidl_typesupport_introspection_cpp
[0.363s] -- Found rmw_implementation_cmake: 6.1.2 (/opt/ros/humble/share/rmw_implementation_cmake/cmake)
[0.366s] -- Found rmw_fastrtps_cpp: 6.2.7 (/opt/ros/humble/share/rmw_fastrtps_cpp/cmake)
[0.524s] -- Using RMW implementation 'rmw_fastrtps_cpp' as default
[0.584s] -- Found geometry_msgs: 4.2.4 (/opt/ros/humble/share/geometry_msgs/cmake)
[0.707s] -- Configuring done
[0.724s] -- Generating done
[0.733s] -- Build files have been written to: /home/om/ROS2_Workshop/Day1/build/day1_cpp
[0.772s] [35m[1mConsolidate compiler generated dependencies of target simple_publisher[0m
[0.772s] [35m[1mConsolidate compiler generated dependencies of target task1[0m
[0.773s] [35m[1mConsolidate compiler generated dependencies of target simple_subscriber[0m
[0.787s] [ 12%] [32mBuilding CXX object CMakeFiles/task2.dir/src/task1.cpp.o[0m
[0.797s] [ 62%] Built target simple_subscriber
[0.797s] [ 62%] Built target simple_publisher
[0.798s] [ 87%] Built target task1
[0.799s] [01m[K/home/om/ROS2_Workshop/Day1/src/day1_cpp/src/task1.cpp:1:10:[m[K [01;31m[Kfatal error: [m[Krclcpp/rclcpp.hpp: No such file or directory
[0.799s]     1 | #include [01;31m[K<rclcpp/rclcpp.hpp>[m[K
[0.799s]       |          [01;31m[K^~~~~~~~~~~~~~~~~~~[m[K
[0.799s] compilation terminated.
[0.800s] gmake[2]: *** [CMakeFiles/task2.dir/build.make:76: CMakeFiles/task2.dir/src/task1.cpp.o] Error 1
[0.801s] gmake[1]: *** [CMakeFiles/Makefile2:221: CMakeFiles/task2.dir/all] Error 2
[0.801s] gmake: *** [Makefile:146: all] Error 2
[0.805s] Invoked command in '/home/om/ROS2_Workshop/Day1/build/day1_cpp' returned '2': CMAKE_PREFIX_PATH=${CMAKE_PREFIX_PATH}:/home/om/turtlebot3_ws/install/vfh_control:/home/om/turtlebot3_ws/install/turtlebot3_teleop:/home/om/turtlebot3_ws/install/turtlebot3_example:/home/om/pico_ws2/install/crsf_ros2:/home/om/slambot/install/gesture_control:/home/om/slambot/install/ges_control:/opt/ros/humble /usr/bin/cmake --build /home/om/ROS2_Workshop/Day1/build/day1_cpp -- -j8 -l8
