[01m[K/home/om/ROS2_Workshop/Day1/src/day1_cpp/src/task2_2.cpp:1:10:[m[K [01;31m[Kfatal error: [m[Krclcpp/rclcpp.hpp: No such file or directory
    1 | #include [01;31m[K<rclcpp/rclcpp.hpp>[m[K
      |          [01;31m[K^~~~~~~~~~~~~~~~~~~[m[K
compilation terminated.
gmake[2]: *** [CMakeFiles/task2_2.dir/build.make:76: CMakeFiles/task2_2.dir/src/task2_2.cpp.o] Error 1
gmake[1]: *** [CMakeFiles/Makefile2:249: CMakeFiles/task2_2.dir/all] Error 2
gmake: *** [Makefile:146: all] Error 2
