[0.026s] Invoking command in '/home/om/ROS2_Workshop/Day1/build/day1_cpp': CMAKE_PREFIX_PATH=${CMAKE_PREFIX_PATH}:/home/om/dobot_ws/install/servo_action:/home/om/dobot_ws/install/dobot_moveit:/home/om/dobot_ws/install/dobot_demo:/opt/ros/humble /usr/bin/cmake --build /home/om/ROS2_Workshop/Day1/build/day1_cpp -- -j8 -l8
[0.096s] -- Found ament_cmake: 1.3.11 (/opt/ros/humble/share/ament_cmake/cmake)
[0.297s] -- Found rclcpp: 16.0.12 (/opt/ros/humble/share/rclcpp/cmake)
[0.349s] -- Found rosidl_generator_c: 3.1.6 (/opt/ros/humble/share/rosidl_generator_c/cmake)
[0.353s] -- Found rosidl_adapter: 3.1.6 (/opt/ros/humble/share/rosidl_adapter/cmake)
[0.365s] -- Found rosidl_generator_cpp: 3.1.6 (/opt/ros/humble/share/rosidl_generator_cpp/cmake)
[0.381s] -- Using all available rosidl_typesupport_c: rosidl_typesupport_fastrtps_c;rosidl_typesupport_introspection_c
[0.404s] -- Using all available rosidl_typesupport_cpp: rosidl_typesupport_fastrtps_cpp;rosidl_typesupport_introspection_cpp
[0.459s] -- Found rmw_implementation_cmake: 6.1.2 (/opt/ros/humble/share/rmw_implementation_cmake/cmake)
[0.462s] -- Found rmw_fastrtps_cpp: 6.2.7 (/opt/ros/humble/share/rmw_fastrtps_cpp/cmake)
[0.619s] -- Using RMW implementation 'rmw_fastrtps_cpp' as default
[0.703s] -- Found geometry_msgs: 4.8.0 (/opt/ros/humble/share/geometry_msgs/cmake)
[0.724s] -- Found turtlesim: 1.4.2 (/opt/ros/humble/share/turtlesim/cmake)
[0.886s] -- Configuring done
[0.912s] -- Generating done
[0.923s] -- Build files have been written to: /home/om/ROS2_Workshop/Day1/build/day1_cpp
[0.963s] [35m[1mConsolidate compiler generated dependencies of target simple_subscriber[0m
[0.963s] [35m[1mConsolidate compiler generated dependencies of target simple_publisher[0m
[0.964s] [35m[1mConsolidate compiler generated dependencies of target task2[0m
[0.964s] [35m[1mConsolidate compiler generated dependencies of target task1[0m
[0.978s] [ 10%] [32mBuilding CXX object CMakeFiles/task2_2.dir/src/task2_2.cpp.o[0m
[0.990s] [ 30%] Built target simple_subscriber
[0.991s] [ 50%] Built target simple_publisher
[0.992s] [ 80%] Built target task1
[0.992s] [ 90%] Built target task2
[1.010s] [01m[K/home/om/ROS2_Workshop/Day1/src/day1_cpp/src/task2_2.cpp:1:10:[m[K [01;31m[Kfatal error: [m[Krclcpp/rclcpp.hpp: No such file or directory
[1.010s]     1 | #include [01;31m[K<rclcpp/rclcpp.hpp>[m[K
[1.010s]       |          [01;31m[K^~~~~~~~~~~~~~~~~~~[m[K
[1.010s] compilation terminated.
[1.011s] gmake[2]: *** [CMakeFiles/task2_2.dir/build.make:76: CMakeFiles/task2_2.dir/src/task2_2.cpp.o] Error 1
[1.012s] gmake[1]: *** [CMakeFiles/Makefile2:249: CMakeFiles/task2_2.dir/all] Error 2
[1.012s] gmake: *** [Makefile:146: all] Error 2
[1.015s] Invoked command in '/home/om/ROS2_Workshop/Day1/build/day1_cpp' returned '2': CMAKE_PREFIX_PATH=${CMAKE_PREFIX_PATH}:/home/om/dobot_ws/install/servo_action:/home/om/dobot_ws/install/dobot_moveit:/home/om/dobot_ws/install/dobot_demo:/opt/ros/humble /usr/bin/cmake --build /home/om/ROS2_Workshop/Day1/build/day1_cpp -- -j8 -l8
